<?xml version="1.0" encoding="UTF-8"?>
<testng-results skipped="0" failed="0" ignored="0" total="21" passed="21">
  <reporter-output>
  </reporter-output>
  <suite name="All Test" duration-ms="251304" started-at="2019-08-14T21:26:51Z" finished-at="2019-08-14T21:31:02Z">
    <groups>
    </groups>
    <test name="LoginTest" duration-ms="103685" started-at="2019-08-14T21:26:51Z" finished-at="2019-08-14T21:28:35Z">
      <class name="com.AutomationPractice.testscripts.loginpage.LoginTest">
        <test-method status="PASS" signature="beforeTest()[pri:0, instance:com.AutomationPractice.testscripts.loginpage.LoginTest@4f970963]" name="beforeTest" is-config="true" duration-ms="1093" started-at="2019-08-14T21:26:51Z" finished-at="2019-08-14T21:26:52Z">
          <reporter-output>
          </reporter-output>
        </test-method> <!-- beforeTest -->
        <test-method status="PASS" signature="beforeClass()[pri:0, instance:com.AutomationPractice.testscripts.loginpage.LoginTest@4f970963]" name="beforeClass" is-config="true" duration-ms="3" started-at="2019-08-14T21:26:52Z" finished-at="2019-08-14T21:26:52Z">
          <reporter-output>
          </reporter-output>
        </test-method> <!-- beforeClass -->
        <test-method status="PASS" signature="beforeMethod(java.lang.reflect.Method)[pri:0, instance:com.AutomationPractice.testscripts.loginpage.LoginTest@4f970963]" name="beforeMethod" is-config="true" duration-ms="4" started-at="2019-08-14T21:26:53Z" finished-at="2019-08-14T21:26:53Z">
          <params>
            <param index="0">
              <value>
                <![CDATA[public void com.AutomationPractice.testscripts.loginpage.LoginTest.testLoginWithInvalidCredentials(java.lang.String,java.lang.String)]]>
              </value>
            </param>
          </params>
          <reporter-output>
          </reporter-output>
        </test-method> <!-- beforeMethod -->
        <test-method status="PASS" signature="testLoginWithInvalidCredentials(java.lang.String, java.lang.String)[pri:1, instance:com.AutomationPractice.testscripts.loginpage.LoginTest@4f970963]" name="testLoginWithInvalidCredentials" duration-ms="23957" started-at="2019-08-14T21:26:53Z" description="Login test with invalid credentials" data-provider="getLoginData" finished-at="2019-08-14T21:27:16Z">
          <params>
            <param index="0">
              <value>
                <![CDATA[batman]]>
              </value>
            </param>
            <param index="1">
              <value>
                <![CDATA[password]]>
              </value>
            </param>
          </params>
          <reporter-output>
          </reporter-output>
        </test-method> <!-- testLoginWithInvalidCredentials -->
        <test-method status="PASS" signature="afterMethod(org.testng.ITestResult)[pri:0, instance:com.AutomationPractice.testscripts.loginpage.LoginTest@4f970963]" name="afterMethod" is-config="true" duration-ms="195" started-at="2019-08-14T21:27:16Z" finished-at="2019-08-14T21:27:17Z">
          <params>
            <param index="0">
              <value>
                <![CDATA[[TestResult name=testLoginWithInvalidCredentials status=SUCCESS method=LoginTest.testLoginWithInvalidCredentials(java.lang.String, java.lang.String)[pri:1, instance:com.AutomationPractice.testscripts.loginpage.LoginTest@4f970963] output={null}]]]>
              </value>
            </param>
          </params>
          <reporter-output>
          </reporter-output>
        </test-method> <!-- afterMethod -->
        <test-method status="PASS" signature="beforeMethod(java.lang.reflect.Method)[pri:0, instance:com.AutomationPractice.testscripts.loginpage.LoginTest@4f970963]" name="beforeMethod" is-config="true" duration-ms="1" started-at="2019-08-14T21:27:17Z" finished-at="2019-08-14T21:27:17Z">
          <params>
            <param index="0">
              <value>
                <![CDATA[public void com.AutomationPractice.testscripts.loginpage.LoginTest.testLoginWithInvalidCredentials(java.lang.String,java.lang.String)]]>
              </value>
            </param>
          </params>
          <reporter-output>
          </reporter-output>
        </test-method> <!-- beforeMethod -->
        <test-method status="PASS" signature="testLoginWithInvalidCredentials(java.lang.String, java.lang.String)[pri:1, instance:com.AutomationPractice.testscripts.loginpage.LoginTest@4f970963]" name="testLoginWithInvalidCredentials" duration-ms="7190" started-at="2019-08-14T21:27:17Z" description="Login test with invalid credentials" data-provider="getLoginData" finished-at="2019-08-14T21:27:24Z">
          <params>
            <param index="0">
              <value>
                <![CDATA[admin]]>
              </value>
            </param>
            <param index="1">
              <value>
                <![CDATA[wsad]]>
              </value>
            </param>
          </params>
          <reporter-output>
          </reporter-output>
        </test-method> <!-- testLoginWithInvalidCredentials -->
        <test-method status="PASS" signature="afterMethod(org.testng.ITestResult)[pri:0, instance:com.AutomationPractice.testscripts.loginpage.LoginTest@4f970963]" name="afterMethod" is-config="true" duration-ms="56" started-at="2019-08-14T21:27:24Z" finished-at="2019-08-14T21:27:24Z">
          <params>
            <param index="0">
              <value>
                <![CDATA[[TestResult name=testLoginWithInvalidCredentials status=SUCCESS method=LoginTest.testLoginWithInvalidCredentials(java.lang.String, java.lang.String)[pri:1, instance:com.AutomationPractice.testscripts.loginpage.LoginTest@4f970963] output={null}]]]>
              </value>
            </param>
          </params>
          <reporter-output>
          </reporter-output>
        </test-method> <!-- afterMethod -->
        <test-method status="PASS" signature="testLoginWithInvalidCredentials(java.lang.String, java.lang.String)[pri:1, instance:com.AutomationPractice.testscripts.loginpage.LoginTest@4f970963]" name="testLoginWithInvalidCredentials" duration-ms="7520" started-at="2019-08-14T21:27:24Z" description="Login test with invalid credentials" data-provider="getLoginData" finished-at="2019-08-14T21:27:31Z">
          <params>
            <param index="0">
              <value>
                <![CDATA[jnqwwjndewjd@test.com]]>
              </value>
            </param>
            <param index="1">
              <value>
                <![CDATA[passw]]>
              </value>
            </param>
          </params>
          <reporter-output>
          </reporter-output>
        </test-method> <!-- testLoginWithInvalidCredentials -->
        <test-method status="PASS" signature="beforeMethod(java.lang.reflect.Method)[pri:0, instance:com.AutomationPractice.testscripts.loginpage.LoginTest@4f970963]" name="beforeMethod" is-config="true" duration-ms="0" started-at="2019-08-14T21:27:24Z" finished-at="2019-08-14T21:27:24Z">
          <params>
            <param index="0">
              <value>
                <![CDATA[public void com.AutomationPractice.testscripts.loginpage.LoginTest.testLoginWithInvalidCredentials(java.lang.String,java.lang.String)]]>
              </value>
            </param>
          </params>
          <reporter-output>
          </reporter-output>
        </test-method> <!-- beforeMethod -->
        <test-method status="PASS" signature="afterMethod(org.testng.ITestResult)[pri:0, instance:com.AutomationPractice.testscripts.loginpage.LoginTest@4f970963]" name="afterMethod" is-config="true" duration-ms="35" started-at="2019-08-14T21:27:31Z" finished-at="2019-08-14T21:27:31Z">
          <params>
            <param index="0">
              <value>
                <![CDATA[[TestResult name=testLoginWithInvalidCredentials status=SUCCESS method=LoginTest.testLoginWithInvalidCredentials(java.lang.String, java.lang.String)[pri:1, instance:com.AutomationPractice.testscripts.loginpage.LoginTest@4f970963] output={null}]]]>
              </value>
            </param>
          </params>
          <reporter-output>
          </reporter-output>
        </test-method> <!-- afterMethod -->
        <test-method status="PASS" signature="beforeMethod(java.lang.reflect.Method)[pri:0, instance:com.AutomationPractice.testscripts.loginpage.LoginTest@4f970963]" name="beforeMethod" is-config="true" duration-ms="1" started-at="2019-08-14T21:27:31Z" finished-at="2019-08-14T21:27:31Z">
          <params>
            <param index="0">
              <value>
                <![CDATA[public void com.AutomationPractice.testscripts.loginpage.LoginTest.testLoginWithInvalidCredentials(java.lang.String,java.lang.String)]]>
              </value>
            </param>
          </params>
          <reporter-output>
          </reporter-output>
        </test-method> <!-- beforeMethod -->
        <test-method status="PASS" signature="testLoginWithInvalidCredentials(java.lang.String, java.lang.String)[pri:1, instance:com.AutomationPractice.testscripts.loginpage.LoginTest@4f970963]" name="testLoginWithInvalidCredentials" duration-ms="6546" started-at="2019-08-14T21:27:31Z" description="Login test with invalid credentials" data-provider="getLoginData" finished-at="2019-08-14T21:27:38Z">
          <params>
            <param index="0">
              <value>
                <![CDATA[jnqwwjndewjd@test.com]]>
              </value>
            </param>
            <param index="1">
              <value>
                <![CDATA[passwo]]>
              </value>
            </param>
          </params>
          <reporter-output>
          </reporter-output>
        </test-method> <!-- testLoginWithInvalidCredentials -->
        <test-method status="PASS" signature="afterMethod(org.testng.ITestResult)[pri:0, instance:com.AutomationPractice.testscripts.loginpage.LoginTest@4f970963]" name="afterMethod" is-config="true" duration-ms="29" started-at="2019-08-14T21:27:38Z" finished-at="2019-08-14T21:27:38Z">
          <params>
            <param index="0">
              <value>
                <![CDATA[[TestResult name=testLoginWithInvalidCredentials status=SUCCESS method=LoginTest.testLoginWithInvalidCredentials(java.lang.String, java.lang.String)[pri:1, instance:com.AutomationPractice.testscripts.loginpage.LoginTest@4f970963] output={null}]]]>
              </value>
            </param>
          </params>
          <reporter-output>
          </reporter-output>
        </test-method> <!-- afterMethod -->
        <test-method status="PASS" signature="beforeMethod(java.lang.reflect.Method)[pri:0, instance:com.AutomationPractice.testscripts.loginpage.LoginTest@4f970963]" name="beforeMethod" is-config="true" duration-ms="0" started-at="2019-08-14T21:27:38Z" finished-at="2019-08-14T21:27:38Z">
          <params>
            <param index="0">
              <value>
                <![CDATA[public void com.AutomationPractice.testscripts.loginpage.LoginTest.testLoginWithInvalidCredentials(java.lang.String,java.lang.String)]]>
              </value>
            </param>
          </params>
          <reporter-output>
          </reporter-output>
        </test-method> <!-- beforeMethod -->
        <test-method status="PASS" signature="testLoginWithInvalidCredentials(java.lang.String, java.lang.String)[pri:1, instance:com.AutomationPractice.testscripts.loginpage.LoginTest@4f970963]" name="testLoginWithInvalidCredentials" duration-ms="6591" started-at="2019-08-14T21:27:38Z" description="Login test with invalid credentials" data-provider="getLoginData" finished-at="2019-08-14T21:27:45Z">
          <params>
            <param index="0">
              <value>
                <![CDATA[jnqwwjndewjd@test]]>
              </value>
            </param>
            <param index="1">
              <value>
                <![CDATA[password]]>
              </value>
            </param>
          </params>
          <reporter-output>
          </reporter-output>
        </test-method> <!-- testLoginWithInvalidCredentials -->
        <test-method status="PASS" signature="afterMethod(org.testng.ITestResult)[pri:0, instance:com.AutomationPractice.testscripts.loginpage.LoginTest@4f970963]" name="afterMethod" is-config="true" duration-ms="30" started-at="2019-08-14T21:27:45Z" finished-at="2019-08-14T21:27:45Z">
          <params>
            <param index="0">
              <value>
                <![CDATA[[TestResult name=testLoginWithInvalidCredentials status=SUCCESS method=LoginTest.testLoginWithInvalidCredentials(java.lang.String, java.lang.String)[pri:1, instance:com.AutomationPractice.testscripts.loginpage.LoginTest@4f970963] output={null}]]]>
              </value>
            </param>
          </params>
          <reporter-output>
          </reporter-output>
        </test-method> <!-- afterMethod -->
        <test-method status="PASS" signature="beforeMethod(java.lang.reflect.Method)[pri:0, instance:com.AutomationPractice.testscripts.loginpage.LoginTest@4f970963]" name="beforeMethod" is-config="true" duration-ms="0" started-at="2019-08-14T21:27:45Z" finished-at="2019-08-14T21:27:45Z">
          <params>
            <param index="0">
              <value>
                <![CDATA[public void com.AutomationPractice.testscripts.loginpage.LoginTest.testLoginWithDataSet(java.lang.String,java.lang.String)]]>
              </value>
            </param>
          </params>
          <reporter-output>
          </reporter-output>
        </test-method> <!-- beforeMethod -->
        <test-method status="PASS" signature="testLoginWithDataSet(java.lang.String, java.lang.String)[pri:2, instance:com.AutomationPractice.testscripts.loginpage.LoginTest@4f970963]" name="testLoginWithDataSet" duration-ms="7540" started-at="2019-08-14T21:27:45Z" data-provider="getLoginData" finished-at="2019-08-14T21:27:52Z">
          <params>
            <param index="0">
              <value>
                <![CDATA[batman]]>
              </value>
            </param>
            <param index="1">
              <value>
                <![CDATA[password]]>
              </value>
            </param>
          </params>
          <reporter-output>
          </reporter-output>
        </test-method> <!-- testLoginWithDataSet -->
        <test-method status="PASS" signature="afterMethod(org.testng.ITestResult)[pri:0, instance:com.AutomationPractice.testscripts.loginpage.LoginTest@4f970963]" name="afterMethod" is-config="true" duration-ms="27" started-at="2019-08-14T21:27:52Z" finished-at="2019-08-14T21:27:52Z">
          <params>
            <param index="0">
              <value>
                <![CDATA[[TestResult name=testLoginWithDataSet status=SUCCESS method=LoginTest.testLoginWithDataSet(java.lang.String, java.lang.String)[pri:2, instance:com.AutomationPractice.testscripts.loginpage.LoginTest@4f970963] output={null}]]]>
              </value>
            </param>
          </params>
          <reporter-output>
          </reporter-output>
        </test-method> <!-- afterMethod -->
        <test-method status="PASS" signature="beforeMethod(java.lang.reflect.Method)[pri:0, instance:com.AutomationPractice.testscripts.loginpage.LoginTest@4f970963]" name="beforeMethod" is-config="true" duration-ms="1" started-at="2019-08-14T21:27:52Z" finished-at="2019-08-14T21:27:52Z">
          <params>
            <param index="0">
              <value>
                <![CDATA[public void com.AutomationPractice.testscripts.loginpage.LoginTest.testLoginWithDataSet(java.lang.String,java.lang.String)]]>
              </value>
            </param>
          </params>
          <reporter-output>
          </reporter-output>
        </test-method> <!-- beforeMethod -->
        <test-method status="PASS" signature="testLoginWithDataSet(java.lang.String, java.lang.String)[pri:2, instance:com.AutomationPractice.testscripts.loginpage.LoginTest@4f970963]" name="testLoginWithDataSet" duration-ms="6235" started-at="2019-08-14T21:27:52Z" data-provider="getLoginData" finished-at="2019-08-14T21:27:59Z">
          <params>
            <param index="0">
              <value>
                <![CDATA[admin]]>
              </value>
            </param>
            <param index="1">
              <value>
                <![CDATA[wsad]]>
              </value>
            </param>
          </params>
          <reporter-output>
          </reporter-output>
        </test-method> <!-- testLoginWithDataSet -->
        <test-method status="PASS" signature="afterMethod(org.testng.ITestResult)[pri:0, instance:com.AutomationPractice.testscripts.loginpage.LoginTest@4f970963]" name="afterMethod" is-config="true" duration-ms="27" started-at="2019-08-14T21:27:59Z" finished-at="2019-08-14T21:27:59Z">
          <params>
            <param index="0">
              <value>
                <![CDATA[[TestResult name=testLoginWithDataSet status=SUCCESS method=LoginTest.testLoginWithDataSet(java.lang.String, java.lang.String)[pri:2, instance:com.AutomationPractice.testscripts.loginpage.LoginTest@4f970963] output={null}]]]>
              </value>
            </param>
          </params>
          <reporter-output>
          </reporter-output>
        </test-method> <!-- afterMethod -->
        <test-method status="PASS" signature="beforeMethod(java.lang.reflect.Method)[pri:0, instance:com.AutomationPractice.testscripts.loginpage.LoginTest@4f970963]" name="beforeMethod" is-config="true" duration-ms="1" started-at="2019-08-14T21:27:59Z" finished-at="2019-08-14T21:27:59Z">
          <params>
            <param index="0">
              <value>
                <![CDATA[public void com.AutomationPractice.testscripts.loginpage.LoginTest.testLoginWithDataSet(java.lang.String,java.lang.String)]]>
              </value>
            </param>
          </params>
          <reporter-output>
          </reporter-output>
        </test-method> <!-- beforeMethod -->
        <test-method status="PASS" signature="testLoginWithDataSet(java.lang.String, java.lang.String)[pri:2, instance:com.AutomationPractice.testscripts.loginpage.LoginTest@4f970963]" name="testLoginWithDataSet" duration-ms="7982" started-at="2019-08-14T21:27:59Z" data-provider="getLoginData" finished-at="2019-08-14T21:28:07Z">
          <params>
            <param index="0">
              <value>
                <![CDATA[jnqwwjndewjd@test.com]]>
              </value>
            </param>
            <param index="1">
              <value>
                <![CDATA[passw]]>
              </value>
            </param>
          </params>
          <reporter-output>
          </reporter-output>
        </test-method> <!-- testLoginWithDataSet -->
        <test-method status="PASS" signature="afterMethod(org.testng.ITestResult)[pri:0, instance:com.AutomationPractice.testscripts.loginpage.LoginTest@4f970963]" name="afterMethod" is-config="true" duration-ms="46" started-at="2019-08-14T21:28:07Z" finished-at="2019-08-14T21:28:07Z">
          <params>
            <param index="0">
              <value>
                <![CDATA[[TestResult name=testLoginWithDataSet status=SUCCESS method=LoginTest.testLoginWithDataSet(java.lang.String, java.lang.String)[pri:2, instance:com.AutomationPractice.testscripts.loginpage.LoginTest@4f970963] output={null}]]]>
              </value>
            </param>
          </params>
          <reporter-output>
          </reporter-output>
        </test-method> <!-- afterMethod -->
        <test-method status="PASS" signature="testLoginWithDataSet(java.lang.String, java.lang.String)[pri:2, instance:com.AutomationPractice.testscripts.loginpage.LoginTest@4f970963]" name="testLoginWithDataSet" duration-ms="8066" started-at="2019-08-14T21:28:07Z" data-provider="getLoginData" finished-at="2019-08-14T21:28:15Z">
          <params>
            <param index="0">
              <value>
                <![CDATA[jnqwwjndewjd@test.com]]>
              </value>
            </param>
            <param index="1">
              <value>
                <![CDATA[passwo]]>
              </value>
            </param>
          </params>
          <reporter-output>
          </reporter-output>
        </test-method> <!-- testLoginWithDataSet -->
        <test-method status="PASS" signature="beforeMethod(java.lang.reflect.Method)[pri:0, instance:com.AutomationPractice.testscripts.loginpage.LoginTest@4f970963]" name="beforeMethod" is-config="true" duration-ms="0" started-at="2019-08-14T21:28:07Z" finished-at="2019-08-14T21:28:07Z">
          <params>
            <param index="0">
              <value>
                <![CDATA[public void com.AutomationPractice.testscripts.loginpage.LoginTest.testLoginWithDataSet(java.lang.String,java.lang.String)]]>
              </value>
            </param>
          </params>
          <reporter-output>
          </reporter-output>
        </test-method> <!-- beforeMethod -->
        <test-method status="PASS" signature="afterMethod(org.testng.ITestResult)[pri:0, instance:com.AutomationPractice.testscripts.loginpage.LoginTest@4f970963]" name="afterMethod" is-config="true" duration-ms="40" started-at="2019-08-14T21:28:15Z" finished-at="2019-08-14T21:28:15Z">
          <params>
            <param index="0">
              <value>
                <![CDATA[[TestResult name=testLoginWithDataSet status=SUCCESS method=LoginTest.testLoginWithDataSet(java.lang.String, java.lang.String)[pri:2, instance:com.AutomationPractice.testscripts.loginpage.LoginTest@4f970963] output={null}]]]>
              </value>
            </param>
          </params>
          <reporter-output>
          </reporter-output>
        </test-method> <!-- afterMethod -->
        <test-method status="PASS" signature="beforeMethod(java.lang.reflect.Method)[pri:0, instance:com.AutomationPractice.testscripts.loginpage.LoginTest@4f970963]" name="beforeMethod" is-config="true" duration-ms="1" started-at="2019-08-14T21:28:15Z" finished-at="2019-08-14T21:28:15Z">
          <params>
            <param index="0">
              <value>
                <![CDATA[public void com.AutomationPractice.testscripts.loginpage.LoginTest.testLoginWithDataSet(java.lang.String,java.lang.String)]]>
              </value>
            </param>
          </params>
          <reporter-output>
          </reporter-output>
        </test-method> <!-- beforeMethod -->
        <test-method status="PASS" signature="testLoginWithDataSet(java.lang.String, java.lang.String)[pri:2, instance:com.AutomationPractice.testscripts.loginpage.LoginTest@4f970963]" name="testLoginWithDataSet" duration-ms="7779" started-at="2019-08-14T21:28:15Z" data-provider="getLoginData" finished-at="2019-08-14T21:28:22Z">
          <params>
            <param index="0">
              <value>
                <![CDATA[jnqwwjndewjd@test]]>
              </value>
            </param>
            <param index="1">
              <value>
                <![CDATA[password]]>
              </value>
            </param>
          </params>
          <reporter-output>
          </reporter-output>
        </test-method> <!-- testLoginWithDataSet -->
        <test-method status="PASS" signature="afterMethod(org.testng.ITestResult)[pri:0, instance:com.AutomationPractice.testscripts.loginpage.LoginTest@4f970963]" name="afterMethod" is-config="true" duration-ms="31" started-at="2019-08-14T21:28:22Z" finished-at="2019-08-14T21:28:23Z">
          <params>
            <param index="0">
              <value>
                <![CDATA[[TestResult name=testLoginWithDataSet status=SUCCESS method=LoginTest.testLoginWithDataSet(java.lang.String, java.lang.String)[pri:2, instance:com.AutomationPractice.testscripts.loginpage.LoginTest@4f970963] output={null}]]]>
              </value>
            </param>
          </params>
          <reporter-output>
          </reporter-output>
        </test-method> <!-- afterMethod -->
        <test-method status="PASS" signature="beforeMethod(java.lang.reflect.Method)[pri:0, instance:com.AutomationPractice.testscripts.loginpage.LoginTest@4f970963]" name="beforeMethod" is-config="true" duration-ms="0" started-at="2019-08-14T21:28:23Z" finished-at="2019-08-14T21:28:23Z">
          <params>
            <param index="0">
              <value>
                <![CDATA[public void com.AutomationPractice.testscripts.loginpage.LoginTest.testLoginToApplication()]]>
              </value>
            </param>
          </params>
          <reporter-output>
          </reporter-output>
        </test-method> <!-- beforeMethod -->
        <test-method status="PASS" signature="testLoginToApplication()[pri:3, instance:com.AutomationPractice.testscripts.loginpage.LoginTest@4f970963]" name="testLoginToApplication" duration-ms="11977" started-at="2019-08-14T21:28:23Z" description="Login Test with valid credentials" finished-at="2019-08-14T21:28:34Z">
          <reporter-output>
          </reporter-output>
        </test-method> <!-- testLoginToApplication -->
        <test-method status="PASS" signature="afterMethod(org.testng.ITestResult)[pri:0, instance:com.AutomationPractice.testscripts.loginpage.LoginTest@4f970963]" name="afterMethod" is-config="true" duration-ms="27" started-at="2019-08-14T21:28:34Z" finished-at="2019-08-14T21:28:35Z">
          <params>
            <param index="0">
              <value>
                <![CDATA[[TestResult name=testLoginToApplication status=SUCCESS method=LoginTest.testLoginToApplication()[pri:3, instance:com.AutomationPractice.testscripts.loginpage.LoginTest@4f970963] output={null}]]]>
              </value>
            </param>
          </params>
          <reporter-output>
          </reporter-output>
        </test-method> <!-- afterMethod -->
        <test-method status="PASS" signature="afterTest()[pri:0, instance:com.AutomationPractice.testscripts.loginpage.LoginTest@4f970963]" name="afterTest" is-config="true" duration-ms="72" started-at="2019-08-14T21:28:35Z" finished-at="2019-08-14T21:28:35Z">
          <reporter-output>
          </reporter-output>
        </test-method> <!-- afterTest -->
      </class> <!-- com.AutomationPractice.testscripts.loginpage.LoginTest -->
    </test> <!-- LoginTest -->
    <test name="RegistrationPageTest" duration-ms="45593" started-at="2019-08-14T21:28:35Z" finished-at="2019-08-14T21:29:20Z">
      <class name="com.AutomationPractice.testscripts.registrationpage.RegistrationPageTest">
        <test-method status="PASS" signature="beforeTest()[pri:0, instance:com.AutomationPractice.testscripts.registrationpage.RegistrationPageTest@72b6cbcc]" name="beforeTest" is-config="true" duration-ms="661" started-at="2019-08-14T21:28:35Z" finished-at="2019-08-14T21:28:35Z">
          <reporter-output>
          </reporter-output>
        </test-method> <!-- beforeTest -->
        <test-method status="PASS" signature="beforeClass()[pri:0, instance:com.AutomationPractice.testscripts.registrationpage.RegistrationPageTest@72b6cbcc]" name="beforeClass" is-config="true" duration-ms="0" started-at="2019-08-14T21:28:35Z" finished-at="2019-08-14T21:28:35Z">
          <reporter-output>
          </reporter-output>
        </test-method> <!-- beforeClass -->
        <test-method status="PASS" signature="beforeMethod(java.lang.reflect.Method)[pri:0, instance:com.AutomationPractice.testscripts.registrationpage.RegistrationPageTest@72b6cbcc]" name="beforeMethod" is-config="true" duration-ms="1" started-at="2019-08-14T21:28:35Z" finished-at="2019-08-14T21:28:35Z">
          <params>
            <param index="0">
              <value>
                <![CDATA[public void com.AutomationPractice.testscripts.registrationpage.RegistrationPageTest.testCreateAccount()]]>
              </value>
            </param>
          </params>
          <reporter-output>
          </reporter-output>
        </test-method> <!-- beforeMethod -->
        <test-method status="PASS" signature="testCreateAccount()[pri:1, instance:com.AutomationPractice.testscripts.registrationpage.RegistrationPageTest@72b6cbcc]" name="testCreateAccount" duration-ms="23496" started-at="2019-08-14T21:28:35Z" finished-at="2019-08-14T21:28:59Z">
          <reporter-output>
          </reporter-output>
        </test-method> <!-- testCreateAccount -->
        <test-method status="PASS" signature="afterMethod(org.testng.ITestResult)[pri:0, instance:com.AutomationPractice.testscripts.registrationpage.RegistrationPageTest@72b6cbcc]" name="afterMethod" is-config="true" duration-ms="35" started-at="2019-08-14T21:28:59Z" finished-at="2019-08-14T21:28:59Z">
          <params>
            <param index="0">
              <value>
                <![CDATA[[TestResult name=testCreateAccount status=SUCCESS method=RegistrationPageTest.testCreateAccount()[pri:1, instance:com.AutomationPractice.testscripts.registrationpage.RegistrationPageTest@72b6cbcc] output={null}]]]>
              </value>
            </param>
          </params>
          <reporter-output>
          </reporter-output>
        </test-method> <!-- afterMethod -->
        <test-method status="PASS" signature="beforeMethod(java.lang.reflect.Method)[pri:0, instance:com.AutomationPractice.testscripts.registrationpage.RegistrationPageTest@72b6cbcc]" name="beforeMethod" is-config="true" duration-ms="0" started-at="2019-08-14T21:28:59Z" finished-at="2019-08-14T21:28:59Z">
          <params>
            <param index="0">
              <value>
                <![CDATA[public void com.AutomationPractice.testscripts.registrationpage.RegistrationPageTest.testRegisterUser()]]>
              </value>
            </param>
          </params>
          <reporter-output>
          </reporter-output>
        </test-method> <!-- beforeMethod -->
        <test-method status="PASS" signature="testRegisterUser()[pri:2, instance:com.AutomationPractice.testscripts.registrationpage.RegistrationPageTest@72b6cbcc]" name="testRegisterUser" duration-ms="21294" started-at="2019-08-14T21:28:59Z" finished-at="2019-08-14T21:29:20Z">
          <reporter-output>
          </reporter-output>
        </test-method> <!-- testRegisterUser -->
        <test-method status="PASS" signature="afterMethod(org.testng.ITestResult)[pri:0, instance:com.AutomationPractice.testscripts.registrationpage.RegistrationPageTest@72b6cbcc]" name="afterMethod" is-config="true" duration-ms="29" started-at="2019-08-14T21:29:20Z" finished-at="2019-08-14T21:29:20Z">
          <params>
            <param index="0">
              <value>
                <![CDATA[[TestResult name=testRegisterUser status=SUCCESS method=RegistrationPageTest.testRegisterUser()[pri:2, instance:com.AutomationPractice.testscripts.registrationpage.RegistrationPageTest@72b6cbcc] output={null}]]]>
              </value>
            </param>
          </params>
          <reporter-output>
          </reporter-output>
        </test-method> <!-- afterMethod -->
        <test-method status="PASS" signature="afterTest()[pri:0, instance:com.AutomationPractice.testscripts.registrationpage.RegistrationPageTest@72b6cbcc]" name="afterTest" is-config="true" duration-ms="75" started-at="2019-08-14T21:29:20Z" finished-at="2019-08-14T21:29:20Z">
          <reporter-output>
          </reporter-output>
        </test-method> <!-- afterTest -->
      </class> <!-- com.AutomationPractice.testscripts.registrationpage.RegistrationPageTest -->
    </test> <!-- RegistrationPageTest -->
    <test name="ProductCategoryPageTest" duration-ms="28015" started-at="2019-08-14T21:29:20Z" finished-at="2019-08-14T21:29:48Z">
      <class name="com.AutomationPractice.testscripts.productcategorypage.ProductCategoryPageTest">
        <test-method status="PASS" signature="beforeTest()[pri:0, instance:com.AutomationPractice.testscripts.productcategorypage.ProductCategoryPageTest@6c49835d]" name="beforeTest" is-config="true" duration-ms="646" started-at="2019-08-14T21:29:20Z" finished-at="2019-08-14T21:29:21Z">
          <reporter-output>
          </reporter-output>
        </test-method> <!-- beforeTest -->
        <test-method status="PASS" signature="beforeClass()[pri:0, instance:com.AutomationPractice.testscripts.productcategorypage.ProductCategoryPageTest@6c49835d]" name="beforeClass" is-config="true" duration-ms="1" started-at="2019-08-14T21:29:21Z" finished-at="2019-08-14T21:29:21Z">
          <reporter-output>
          </reporter-output>
        </test-method> <!-- beforeClass -->
        <test-method status="PASS" signature="verifyProductPageTitleTest()[pri:1, instance:com.AutomationPractice.testscripts.productcategorypage.ProductCategoryPageTest@6c49835d]" name="verifyProductPageTitleTest" duration-ms="11459" started-at="2019-08-14T21:29:21Z" finished-at="2019-08-14T21:29:32Z">
          <reporter-output>
          </reporter-output>
        </test-method> <!-- verifyProductPageTitleTest -->
        <test-method status="PASS" signature="beforeMethod(java.lang.reflect.Method)[pri:0, instance:com.AutomationPractice.testscripts.productcategorypage.ProductCategoryPageTest@6c49835d]" name="beforeMethod" is-config="true" duration-ms="0" started-at="2019-08-14T21:29:21Z" finished-at="2019-08-14T21:29:21Z">
          <params>
            <param index="0">
              <value>
                <![CDATA[public void com.AutomationPractice.testscripts.productcategorypage.ProductCategoryPageTest.verifyProductPageTitleTest()]]>
              </value>
            </param>
          </params>
          <reporter-output>
          </reporter-output>
        </test-method> <!-- beforeMethod -->
        <test-method status="PASS" signature="afterMethod(org.testng.ITestResult)[pri:0, instance:com.AutomationPractice.testscripts.productcategorypage.ProductCategoryPageTest@6c49835d]" name="afterMethod" is-config="true" duration-ms="24" started-at="2019-08-14T21:29:32Z" finished-at="2019-08-14T21:29:32Z">
          <params>
            <param index="0">
              <value>
                <![CDATA[[TestResult name=verifyProductPageTitleTest status=SUCCESS method=ProductCategoryPageTest.verifyProductPageTitleTest()[pri:1, instance:com.AutomationPractice.testscripts.productcategorypage.ProductCategoryPageTest@6c49835d] output={null}]]]>
              </value>
            </param>
          </params>
          <reporter-output>
          </reporter-output>
        </test-method> <!-- afterMethod -->
        <test-method status="PASS" signature="beforeMethod(java.lang.reflect.Method)[pri:0, instance:com.AutomationPractice.testscripts.productcategorypage.ProductCategoryPageTest@6c49835d]" name="beforeMethod" is-config="true" duration-ms="0" started-at="2019-08-14T21:29:32Z" finished-at="2019-08-14T21:29:32Z">
          <params>
            <param index="0">
              <value>
                <![CDATA[public void com.AutomationPractice.testscripts.productcategorypage.ProductCategoryPageTest.addItemsToCartTest()]]>
              </value>
            </param>
          </params>
          <reporter-output>
          </reporter-output>
        </test-method> <!-- beforeMethod -->
        <test-method status="PASS" signature="addItemsToCartTest()[pri:2, instance:com.AutomationPractice.testscripts.productcategorypage.ProductCategoryPageTest@6c49835d]" name="addItemsToCartTest" duration-ms="6617" started-at="2019-08-14T21:29:32Z" finished-at="2019-08-14T21:29:39Z">
          <reporter-output>
          </reporter-output>
        </test-method> <!-- addItemsToCartTest -->
        <test-method status="PASS" signature="afterMethod(org.testng.ITestResult)[pri:0, instance:com.AutomationPractice.testscripts.productcategorypage.ProductCategoryPageTest@6c49835d]" name="afterMethod" is-config="true" duration-ms="23" started-at="2019-08-14T21:29:39Z" finished-at="2019-08-14T21:29:39Z">
          <params>
            <param index="0">
              <value>
                <![CDATA[[TestResult name=addItemsToCartTest status=SUCCESS method=ProductCategoryPageTest.addItemsToCartTest()[pri:2, instance:com.AutomationPractice.testscripts.productcategorypage.ProductCategoryPageTest@6c49835d] output={null}]]]>
              </value>
            </param>
          </params>
          <reporter-output>
          </reporter-output>
        </test-method> <!-- afterMethod -->
        <test-method status="PASS" signature="beforeMethod(java.lang.reflect.Method)[pri:0, instance:com.AutomationPractice.testscripts.productcategorypage.ProductCategoryPageTest@6c49835d]" name="beforeMethod" is-config="true" duration-ms="1" started-at="2019-08-14T21:29:39Z" finished-at="2019-08-14T21:29:39Z">
          <params>
            <param index="0">
              <value>
                <![CDATA[public void com.AutomationPractice.testscripts.productcategorypage.ProductCategoryPageTest.testProductsHaveBeenAddedToCart()]]>
              </value>
            </param>
          </params>
          <reporter-output>
          </reporter-output>
        </test-method> <!-- beforeMethod -->
        <test-method status="PASS" signature="testProductsHaveBeenAddedToCart()[pri:3, instance:com.AutomationPractice.testscripts.productcategorypage.ProductCategoryPageTest@6c49835d]" name="testProductsHaveBeenAddedToCart" duration-ms="9142" started-at="2019-08-14T21:29:39Z" finished-at="2019-08-14T21:29:48Z">
          <reporter-output>
          </reporter-output>
        </test-method> <!-- testProductsHaveBeenAddedToCart -->
        <test-method status="PASS" signature="afterMethod(org.testng.ITestResult)[pri:0, instance:com.AutomationPractice.testscripts.productcategorypage.ProductCategoryPageTest@6c49835d]" name="afterMethod" is-config="true" duration-ms="29" started-at="2019-08-14T21:29:48Z" finished-at="2019-08-14T21:29:48Z">
          <params>
            <param index="0">
              <value>
                <![CDATA[[TestResult name=testProductsHaveBeenAddedToCart status=SUCCESS method=ProductCategoryPageTest.testProductsHaveBeenAddedToCart()[pri:3, instance:com.AutomationPractice.testscripts.productcategorypage.ProductCategoryPageTest@6c49835d] output={null}]]]>
              </value>
            </param>
          </params>
          <reporter-output>
          </reporter-output>
        </test-method> <!-- afterMethod -->
        <test-method status="PASS" signature="afterTest()[pri:0, instance:com.AutomationPractice.testscripts.productcategorypage.ProductCategoryPageTest@6c49835d]" name="afterTest" is-config="true" duration-ms="71" started-at="2019-08-14T21:29:48Z" finished-at="2019-08-14T21:29:48Z">
          <reporter-output>
          </reporter-output>
        </test-method> <!-- afterTest -->
      </class> <!-- com.AutomationPractice.testscripts.productcategorypage.ProductCategoryPageTest -->
    </test> <!-- ProductCategoryPageTest -->
    <test name="ShoppingCartSummaryPageTest" duration-ms="58300" started-at="2019-08-14T21:29:48Z" finished-at="2019-08-14T21:30:47Z">
      <class name="com.AutomationPractice.testscripts.shoppingcartpage.ShoppingCartSummaryPageTest">
        <test-method status="PASS" signature="beforeTest()[pri:0, instance:com.AutomationPractice.testscripts.shoppingcartpage.ShoppingCartSummaryPageTest@76707e36]" name="beforeTest" is-config="true" duration-ms="675" started-at="2019-08-14T21:29:48Z" finished-at="2019-08-14T21:29:49Z">
          <reporter-output>
          </reporter-output>
        </test-method> <!-- beforeTest -->
        <test-method status="PASS" signature="beforeMethod(java.lang.reflect.Method)[pri:0, instance:com.AutomationPractice.testscripts.shoppingcartpage.ShoppingCartSummaryPageTest@76707e36]" name="beforeMethod" is-config="true" duration-ms="1" started-at="2019-08-14T21:29:49Z" finished-at="2019-08-14T21:29:49Z">
          <params>
            <param index="0">
              <value>
                <![CDATA[public void com.AutomationPractice.testscripts.shoppingcartpage.ShoppingCartSummaryPageTest.verifyShoppingCartSummaryPageTitle()]]>
              </value>
            </param>
          </params>
          <reporter-output>
          </reporter-output>
        </test-method> <!-- beforeMethod -->
        <test-method status="PASS" signature="beforeClass()[pri:0, instance:com.AutomationPractice.testscripts.shoppingcartpage.ShoppingCartSummaryPageTest@76707e36]" name="beforeClass" is-config="true" duration-ms="0" started-at="2019-08-14T21:29:49Z" finished-at="2019-08-14T21:29:49Z">
          <reporter-output>
          </reporter-output>
        </test-method> <!-- beforeClass -->
        <test-method status="PASS" signature="verifyShoppingCartSummaryPageTitle()[pri:1, instance:com.AutomationPractice.testscripts.shoppingcartpage.ShoppingCartSummaryPageTest@76707e36]" name="verifyShoppingCartSummaryPageTitle" duration-ms="16271" started-at="2019-08-14T21:29:49Z" finished-at="2019-08-14T21:30:05Z">
          <reporter-output>
          </reporter-output>
        </test-method> <!-- verifyShoppingCartSummaryPageTitle -->
        <test-method status="PASS" signature="afterMethod(org.testng.ITestResult)[pri:0, instance:com.AutomationPractice.testscripts.shoppingcartpage.ShoppingCartSummaryPageTest@76707e36]" name="afterMethod" is-config="true" duration-ms="25" started-at="2019-08-14T21:30:05Z" finished-at="2019-08-14T21:30:05Z">
          <params>
            <param index="0">
              <value>
                <![CDATA[[TestResult name=verifyShoppingCartSummaryPageTitle status=SUCCESS method=ShoppingCartSummaryPageTest.verifyShoppingCartSummaryPageTitle()[pri:1, instance:com.AutomationPractice.testscripts.shoppingcartpage.ShoppingCartSummaryPageTest@76707e36] output={null}]]]>
              </value>
            </param>
          </params>
          <reporter-output>
          </reporter-output>
        </test-method> <!-- afterMethod -->
        <test-method status="PASS" signature="testLoginToShoppingCartSummary()[pri:2, instance:com.AutomationPractice.testscripts.shoppingcartpage.ShoppingCartSummaryPageTest@76707e36]" name="testLoginToShoppingCartSummary" duration-ms="11141" started-at="2019-08-14T21:30:05Z" finished-at="2019-08-14T21:30:16Z">
          <reporter-output>
          </reporter-output>
        </test-method> <!-- testLoginToShoppingCartSummary -->
        <test-method status="PASS" signature="beforeMethod(java.lang.reflect.Method)[pri:0, instance:com.AutomationPractice.testscripts.shoppingcartpage.ShoppingCartSummaryPageTest@76707e36]" name="beforeMethod" is-config="true" duration-ms="0" started-at="2019-08-14T21:30:05Z" finished-at="2019-08-14T21:30:05Z">
          <params>
            <param index="0">
              <value>
                <![CDATA[public void com.AutomationPractice.testscripts.shoppingcartpage.ShoppingCartSummaryPageTest.testLoginToShoppingCartSummary()]]>
              </value>
            </param>
          </params>
          <reporter-output>
          </reporter-output>
        </test-method> <!-- beforeMethod -->
        <test-method status="PASS" signature="afterMethod(org.testng.ITestResult)[pri:0, instance:com.AutomationPractice.testscripts.shoppingcartpage.ShoppingCartSummaryPageTest@76707e36]" name="afterMethod" is-config="true" duration-ms="47" started-at="2019-08-14T21:30:16Z" finished-at="2019-08-14T21:30:16Z">
          <params>
            <param index="0">
              <value>
                <![CDATA[[TestResult name=testLoginToShoppingCartSummary status=SUCCESS method=ShoppingCartSummaryPageTest.testLoginToShoppingCartSummary()[pri:2, instance:com.AutomationPractice.testscripts.shoppingcartpage.ShoppingCartSummaryPageTest@76707e36] output={null}]]]>
              </value>
            </param>
          </params>
          <reporter-output>
          </reporter-output>
        </test-method> <!-- afterMethod -->
        <test-method status="PASS" signature="beforeMethod(java.lang.reflect.Method)[pri:0, instance:com.AutomationPractice.testscripts.shoppingcartpage.ShoppingCartSummaryPageTest@76707e36]" name="beforeMethod" is-config="true" duration-ms="0" started-at="2019-08-14T21:30:16Z" finished-at="2019-08-14T21:30:16Z">
          <params>
            <param index="0">
              <value>
                <![CDATA[public void com.AutomationPractice.testscripts.shoppingcartpage.ShoppingCartSummaryPageTest.testCheckout()]]>
              </value>
            </param>
          </params>
          <reporter-output>
          </reporter-output>
        </test-method> <!-- beforeMethod -->
        <test-method status="PASS" signature="testCheckout()[pri:3, instance:com.AutomationPractice.testscripts.shoppingcartpage.ShoppingCartSummaryPageTest@76707e36]" name="testCheckout" duration-ms="30029" started-at="2019-08-14T21:30:16Z" finished-at="2019-08-14T21:30:46Z">
          <reporter-output>
          </reporter-output>
        </test-method> <!-- testCheckout -->
        <test-method status="PASS" signature="afterMethod(org.testng.ITestResult)[pri:0, instance:com.AutomationPractice.testscripts.shoppingcartpage.ShoppingCartSummaryPageTest@76707e36]" name="afterMethod" is-config="true" duration-ms="34" started-at="2019-08-14T21:30:46Z" finished-at="2019-08-14T21:30:46Z">
          <params>
            <param index="0">
              <value>
                <![CDATA[[TestResult name=testCheckout status=SUCCESS method=ShoppingCartSummaryPageTest.testCheckout()[pri:3, instance:com.AutomationPractice.testscripts.shoppingcartpage.ShoppingCartSummaryPageTest@76707e36] output={null}]]]>
              </value>
            </param>
          </params>
          <reporter-output>
          </reporter-output>
        </test-method> <!-- afterMethod -->
        <test-method status="PASS" signature="afterTest()[pri:0, instance:com.AutomationPractice.testscripts.shoppingcartpage.ShoppingCartSummaryPageTest@76707e36]" name="afterTest" is-config="true" duration-ms="70" started-at="2019-08-14T21:30:46Z" finished-at="2019-08-14T21:30:47Z">
          <reporter-output>
          </reporter-output>
        </test-method> <!-- afterTest -->
      </class> <!-- com.AutomationPractice.testscripts.shoppingcartpage.ShoppingCartSummaryPageTest -->
    </test> <!-- ShoppingCartSummaryPageTest -->
    <test name="SearchPageTest" duration-ms="15694" started-at="2019-08-14T21:30:47Z" finished-at="2019-08-14T21:31:02Z">
      <class name="com.AutomationPractice.testscripts.searchpage.SearchPageTest">
        <test-method status="PASS" signature="beforeSuite()[pri:0, instance:com.AutomationPractice.testscripts.searchpage.SearchPageTest@711f39f9]" name="beforeSuite" is-config="true" duration-ms="134" started-at="2019-08-14T21:26:51Z" finished-at="2019-08-14T21:26:51Z">
          <reporter-output>
          </reporter-output>
        </test-method> <!-- beforeSuite -->
        <test-method status="PASS" signature="beforeTest()[pri:0, instance:com.AutomationPractice.testscripts.searchpage.SearchPageTest@711f39f9]" name="beforeTest" is-config="true" duration-ms="659" started-at="2019-08-14T21:30:47Z" finished-at="2019-08-14T21:30:47Z">
          <reporter-output>
          </reporter-output>
        </test-method> <!-- beforeTest -->
        <test-method status="PASS" signature="beforeClass()[pri:0, instance:com.AutomationPractice.testscripts.searchpage.SearchPageTest@711f39f9]" name="beforeClass" is-config="true" duration-ms="1" started-at="2019-08-14T21:30:47Z" finished-at="2019-08-14T21:30:47Z">
          <reporter-output>
          </reporter-output>
        </test-method> <!-- beforeClass -->
        <test-method status="PASS" signature="beforeMethod(java.lang.reflect.Method)[pri:0, instance:com.AutomationPractice.testscripts.searchpage.SearchPageTest@711f39f9]" name="beforeMethod" is-config="true" duration-ms="1" started-at="2019-08-14T21:30:47Z" finished-at="2019-08-14T21:30:47Z">
          <params>
            <param index="0">
              <value>
                <![CDATA[public void com.AutomationPractice.testscripts.searchpage.SearchPageTest.verifyProductPageTitleTest()]]>
              </value>
            </param>
          </params>
          <reporter-output>
          </reporter-output>
        </test-method> <!-- beforeMethod -->
        <test-method status="PASS" signature="verifyProductPageTitleTest()[pri:1, instance:com.AutomationPractice.testscripts.searchpage.SearchPageTest@711f39f9]" name="verifyProductPageTitleTest" duration-ms="8886" started-at="2019-08-14T21:30:47Z" finished-at="2019-08-14T21:30:56Z">
          <reporter-output>
          </reporter-output>
        </test-method> <!-- verifyProductPageTitleTest -->
        <test-method status="PASS" signature="afterMethod(org.testng.ITestResult)[pri:0, instance:com.AutomationPractice.testscripts.searchpage.SearchPageTest@711f39f9]" name="afterMethod" is-config="true" duration-ms="35" started-at="2019-08-14T21:30:56Z" finished-at="2019-08-14T21:30:56Z">
          <params>
            <param index="0">
              <value>
                <![CDATA[[TestResult name=verifyProductPageTitleTest status=SUCCESS method=SearchPageTest.verifyProductPageTitleTest()[pri:1, instance:com.AutomationPractice.testscripts.searchpage.SearchPageTest@711f39f9] output={null}]]]>
              </value>
            </param>
          </params>
          <reporter-output>
          </reporter-output>
        </test-method> <!-- afterMethod -->
        <test-method status="PASS" signature="testEnterSearchTextAndClickEnter()[pri:2, instance:com.AutomationPractice.testscripts.searchpage.SearchPageTest@711f39f9]" name="testEnterSearchTextAndClickEnter" duration-ms="6008" started-at="2019-08-14T21:30:56Z" finished-at="2019-08-14T21:31:02Z">
          <reporter-output>
          </reporter-output>
        </test-method> <!-- testEnterSearchTextAndClickEnter -->
        <test-method status="PASS" signature="beforeMethod(java.lang.reflect.Method)[pri:0, instance:com.AutomationPractice.testscripts.searchpage.SearchPageTest@711f39f9]" name="beforeMethod" is-config="true" duration-ms="0" started-at="2019-08-14T21:30:56Z" finished-at="2019-08-14T21:30:56Z">
          <params>
            <param index="0">
              <value>
                <![CDATA[public void com.AutomationPractice.testscripts.searchpage.SearchPageTest.testEnterSearchTextAndClickEnter()]]>
              </value>
            </param>
          </params>
          <reporter-output>
          </reporter-output>
        </test-method> <!-- beforeMethod -->
        <test-method status="PASS" signature="afterMethod(org.testng.ITestResult)[pri:0, instance:com.AutomationPractice.testscripts.searchpage.SearchPageTest@711f39f9]" name="afterMethod" is-config="true" duration-ms="26" started-at="2019-08-14T21:31:02Z" finished-at="2019-08-14T21:31:02Z">
          <params>
            <param index="0">
              <value>
                <![CDATA[[TestResult name=testEnterSearchTextAndClickEnter status=SUCCESS method=SearchPageTest.testEnterSearchTextAndClickEnter()[pri:2, instance:com.AutomationPractice.testscripts.searchpage.SearchPageTest@711f39f9] output={null}]]]>
              </value>
            </param>
          </params>
          <reporter-output>
          </reporter-output>
        </test-method> <!-- afterMethod -->
        <test-method status="PASS" signature="afterTest()[pri:0, instance:com.AutomationPractice.testscripts.searchpage.SearchPageTest@711f39f9]" name="afterTest" is-config="true" duration-ms="78" started-at="2019-08-14T21:31:02Z" finished-at="2019-08-14T21:31:02Z">
          <reporter-output>
          </reporter-output>
        </test-method> <!-- afterTest -->
      </class> <!-- com.AutomationPractice.testscripts.searchpage.SearchPageTest -->
    </test> <!-- SearchPageTest -->
  </suite> <!-- All Test -->
</testng-results>
