<?xml version="1.0" encoding="UTF-8"?>
<!-- Generated by org.testng.reporters.JUnitXMLReporter -->
<testsuite hostname="edwinndonga-Lenovo-V310" ignored="0" name="Default test" tests="2" failures="0" timestamp="14 Aug 2019 21:24:48 GMT" time="26.415" errors="0">
  <testcase name="testEnterSearchTextAndClickEnter" time="20.405" classname="com.AutomationPractice.testscripts.searchpage.SearchPageTest"/>
  <testcase name="verifyProductPageTitleTest" time="4.202" classname="com.AutomationPractice.testscripts.searchpage.SearchPageTest"/>
</testsuite> <!-- Default test -->
