<?xml version="1.0" encoding="UTF-8"?>
<!-- Generated by org.testng.reporters.JUnitXMLReporter -->
<testsuite hostname="edwinndonga-Lenovo-V310" ignored="0" name="Foo" tests="4" failures="1" timestamp="10 Aug 2019 13:03:50 GMT" time="0.01" errors="0">
  <testcase name="testLoginC" time="0.0" classname="com.AutomationPractice.Foo">
    <skipped/>
  </testcase> <!-- testLoginC -->
  <testcase name="testLoginC" time="0.001" classname="com.AutomationPractice.Foo">
    <skipped/>
  </testcase> <!-- testLoginC -->
  <testcase name="testLoginC" time="0.001" classname="com.AutomationPractice.Foo">
    <skipped/>
  </testcase> <!-- testLoginC -->
  <testcase name="testLoginC" time="0.001" classname="com.AutomationPractice.Foo">
    <failure type="java.lang.AssertionError" message="expected [true] but found [false]">
      <![CDATA[java.lang.AssertionError: expected [true] but found [false]
at com.AutomationPractice.Foo.testLoginC(Foo.java:10)
... Removed 29 stack frames]]>
    </failure>
  </testcase> <!-- testLoginC -->
</testsuite> <!-- Foo -->
