<?xml version="1.0" encoding="UTF-8"?>
<!-- Generated by org.testng.reporters.JUnitXMLReporter -->
<testsuite hostname="edwinndonga-Lenovo-V310" ignored="0" name="LoginTest" tests="11" failures="0" timestamp="14 Aug 2019 21:28:35 GMT" time="103.685" errors="0">
  <testcase name="testLoginWithInvalidCredentials" time="23.957" classname="com.AutomationPractice.testscripts.loginpage.LoginTest"/>
  <testcase name="testLoginWithInvalidCredentials" time="7.19" classname="com.AutomationPractice.testscripts.loginpage.LoginTest"/>
  <testcase name="testLoginWithInvalidCredentials" time="7.52" classname="com.AutomationPractice.testscripts.loginpage.LoginTest"/>
  <testcase name="testLoginWithInvalidCredentials" time="6.546" classname="com.AutomationPractice.testscripts.loginpage.LoginTest"/>
  <testcase name="testLoginWithInvalidCredentials" time="6.591" classname="com.AutomationPractice.testscripts.loginpage.LoginTest"/>
  <testcase name="testLoginWithDataSet" time="7.54" classname="com.AutomationPractice.testscripts.loginpage.LoginTest"/>
  <testcase name="testLoginWithDataSet" time="6.235" classname="com.AutomationPractice.testscripts.loginpage.LoginTest"/>
  <testcase name="testLoginWithDataSet" time="7.982" classname="com.AutomationPractice.testscripts.loginpage.LoginTest"/>
  <testcase name="testLoginWithDataSet" time="8.066" classname="com.AutomationPractice.testscripts.loginpage.LoginTest"/>
  <testcase name="testLoginWithDataSet" time="7.779" classname="com.AutomationPractice.testscripts.loginpage.LoginTest"/>
  <testcase name="testLoginToApplication" time="11.977" classname="com.AutomationPractice.testscripts.loginpage.LoginTest"/>
</testsuite> <!-- LoginTest -->
