<?xml version="1.0" encoding="UTF-8"?>
<!-- Generated by org.testng.reporters.JUnitXMLReporter -->
<testsuite hostname="edwinndonga-Lenovo-V310" ignored="0" name="LoginTest" tests="11" failures="0" timestamp="14 Aug 2019 18:02:18 GMT" time="96.002" errors="0">
  <testcase name="testLoginWithInvalidCredentials" time="13.136" classname="com.AutomationPractice.testscripts.loginpage.LoginTest"/>
  <testcase name="testLoginWithInvalidCredentials" time="8.113" classname="com.AutomationPractice.testscripts.loginpage.LoginTest"/>
  <testcase name="testLoginWithInvalidCredentials" time="9.289" classname="com.AutomationPractice.testscripts.loginpage.LoginTest"/>
  <testcase name="testLoginWithInvalidCredentials" time="6.737" classname="com.AutomationPractice.testscripts.loginpage.LoginTest"/>
  <testcase name="testLoginWithInvalidCredentials" time="8.422" classname="com.AutomationPractice.testscripts.loginpage.LoginTest"/>
  <testcase name="testLoginWithDataSet" time="7.004" classname="com.AutomationPractice.testscripts.loginpage.LoginTest"/>
  <testcase name="testLoginWithDataSet" time="8.63" classname="com.AutomationPractice.testscripts.loginpage.LoginTest"/>
  <testcase name="testLoginWithDataSet" time="6.753" classname="com.AutomationPractice.testscripts.loginpage.LoginTest"/>
  <testcase name="testLoginWithDataSet" time="7.225" classname="com.AutomationPractice.testscripts.loginpage.LoginTest"/>
  <testcase name="testLoginWithDataSet" time="7.867" classname="com.AutomationPractice.testscripts.loginpage.LoginTest"/>
  <testcase name="testLoginToApplication" time="10.534" classname="com.AutomationPractice.testscripts.loginpage.LoginTest"/>
</testsuite> <!-- LoginTest -->
