<?xml version="1.0" encoding="UTF-8"?>
<!-- Generated by org.testng.reporters.JUnitXMLReporter -->
<testsuite hostname="edwinndonga-Lenovo-V310" ignored="0" name="ProductCategoryPageTest" tests="3" failures="0" timestamp="14 Aug 2019 18:03:16 GMT" time="28.809" errors="0">
  <testcase name="verifyProductPageTitleTest" time="11.782" classname="com.AutomationPractice.testscripts.productcategorypage.ProductCategoryPageTest"/>
  <testcase name="addItemsToCartTest" time="6.603" classname="com.AutomationPractice.testscripts.productcategorypage.ProductCategoryPageTest"/>
  <testcase name="testProductsHaveBeenAddedToCart" time="9.512" classname="com.AutomationPractice.testscripts.productcategorypage.ProductCategoryPageTest"/>
</testsuite> <!-- ProductCategoryPageTest -->
