<?xml version="1.0" encoding="UTF-8"?>
<!-- Generated by org.testng.reporters.JUnitXMLReporter -->
<testsuite hostname="edwinndonga-Lenovo-V310" ignored="0" name="ProductCategoryPageTest" tests="3" failures="0" timestamp="14 Aug 2019 21:29:48 GMT" time="28.015" errors="0">
  <testcase name="verifyProductPageTitleTest" time="11.459" classname="com.AutomationPractice.testscripts.productcategorypage.ProductCategoryPageTest"/>
  <testcase name="addItemsToCartTest" time="6.617" classname="com.AutomationPractice.testscripts.productcategorypage.ProductCategoryPageTest"/>
  <testcase name="testProductsHaveBeenAddedToCart" time="9.142" classname="com.AutomationPractice.testscripts.productcategorypage.ProductCategoryPageTest"/>
</testsuite> <!-- ProductCategoryPageTest -->
