<?xml version="1.0" encoding="UTF-8"?>
<!-- Generated by org.testng.reporters.JUnitXMLReporter -->
<testsuite hostname="edwinndonga-Lenovo-V310" ignored="0" name="RegistrationPageTest" tests="2" failures="0" timestamp="14 Aug 2019 18:02:47 GMT" time="28.81" errors="0">
  <testcase name="testCreateAccount" time="12.994" classname="com.AutomationPractice.testscripts.registrationpage.RegistrationPageTest"/>
  <testcase name="testRegisterUser" time="14.94" classname="com.AutomationPractice.testscripts.registrationpage.RegistrationPageTest"/>
</testsuite> <!-- RegistrationPageTest -->
