<?xml version="1.0" encoding="UTF-8"?>
<!-- Generated by org.testng.reporters.JUnitXMLReporter -->
<testsuite hostname="edwinndonga-Lenovo-V310" ignored="0" name="RegistrationPageTest" tests="2" failures="0" timestamp="14 Aug 2019 21:29:20 GMT" time="45.593" errors="0">
  <testcase name="testCreateAccount" time="23.496" classname="com.AutomationPractice.testscripts.registrationpage.RegistrationPageTest"/>
  <testcase name="testRegisterUser" time="21.294" classname="com.AutomationPractice.testscripts.registrationpage.RegistrationPageTest"/>
</testsuite> <!-- RegistrationPageTest -->
