<?xml version="1.0" encoding="UTF-8"?>
<!-- Generated by org.testng.reporters.JUnitXMLReporter -->
<testsuite hostname="edwinndonga-Lenovo-V310" ignored="0" name="SearchPageTest" tests="2" failures="0" timestamp="14 Aug 2019 21:31:02 GMT" time="15.694" errors="0">
  <testcase name="verifyProductPageTitleTest" time="8.886" classname="com.AutomationPractice.testscripts.searchpage.SearchPageTest"/>
  <testcase name="testEnterSearchTextAndClickEnter" time="6.008" classname="com.AutomationPractice.testscripts.searchpage.SearchPageTest"/>
</testsuite> <!-- SearchPageTest -->
