<?xml version="1.0" encoding="UTF-8"?>
<!-- Generated by org.testng.reporters.JUnitXMLReporter -->
<testsuite hostname="edwinndonga-Lenovo-V310" ignored="0" name="ShoppingCartSummaryPageTest" tests="3" failures="0" timestamp="14 Aug 2019 21:30:47 GMT" time="58.3" errors="0">
  <testcase name="verifyShoppingCartSummaryPageTitle" time="16.271" classname="com.AutomationPractice.testscripts.shoppingcartpage.ShoppingCartSummaryPageTest"/>
  <testcase name="testLoginToShoppingCartSummary" time="11.141" classname="com.AutomationPractice.testscripts.shoppingcartpage.ShoppingCartSummaryPageTest"/>
  <testcase name="testCheckout" time="30.029" classname="com.AutomationPractice.testscripts.shoppingcartpage.ShoppingCartSummaryPageTest"/>
</testsuite> <!-- ShoppingCartSummaryPageTest -->
