<?xml version="1.0" encoding="UTF-8"?>
<!-- Generated by org.testng.reporters.JUnitXMLReporter -->
<testsuite hostname="edwinndonga-Lenovo-V310" ignored="0" name="ShoppingCartSummaryPageTest" tests="3" failures="0" timestamp="14 Aug 2019 18:04:08 GMT" time="52.453" errors="0">
  <testcase name="verifyShoppingCartSummaryPageTitle" time="14.903" classname="com.AutomationPractice.testscripts.shoppingcartpage.ShoppingCartSummaryPageTest"/>
  <testcase name="testLoginToShoppingCartSummary" time="11.158" classname="com.AutomationPractice.testscripts.shoppingcartpage.ShoppingCartSummaryPageTest"/>
  <testcase name="testCheckout" time="25.594" classname="com.AutomationPractice.testscripts.shoppingcartpage.ShoppingCartSummaryPageTest"/>
</testsuite> <!-- ShoppingCartSummaryPageTest -->
